\BOOKMARK [0][-]{chapter.1}{Acknowledgements}{}% 1
\BOOKMARK [-1][-]{part.1}{I Introduction and user guide}{}% 2
\BOOKMARK [0][-]{chapter.2}{Introduction}{part.1}% 3
\BOOKMARK [1][-]{section.2.1}{Model motivation}{chapter.2}% 4
\BOOKMARK [1][-]{section.2.2}{OPGEE model goals}{chapter.2}% 5
\BOOKMARK [1][-]{section.2.3}{OPGEE model construction}{chapter.2}% 6
\BOOKMARK [1][-]{section.2.4}{OPGEE model structure}{chapter.2}% 7
\BOOKMARK [-1][-]{part.2}{II Technical documentation}{}% 8
\BOOKMARK [0][-]{chapter.3}{`Active Field' gathering worksheet}{part.2}% 9
\BOOKMARK [1][-]{section.3.1}{Introduction to the `Active Field' worksheet}{chapter.3}% 10
\BOOKMARK [1][-]{section.3.2}{Energy and GHG calculations on the `Active Field' worksheet}{chapter.3}% 11
\BOOKMARK [1][-]{section.3.3}{Smart defaults and uncertainty distributions of key parameters}{chapter.3}% 12
\BOOKMARK [1][-]{section.3.4}{Probabilistic uncertainty analysis for missing key parameters}{chapter.3}% 13
\BOOKMARK [0][-]{chapter.4}{Flow sheet}{part.2}% 14
\BOOKMARK [1][-]{section.4.1}{Flow sheet introduction}{chapter.4}% 15
\BOOKMARK [1][-]{section.4.2}{Flow table}{chapter.4}% 16
\BOOKMARK [1][-]{section.4.3}{Computing properties of flows}{chapter.4}% 17
\BOOKMARK [1][-]{section.4.4}{Process flow diagram}{chapter.4}% 18
\BOOKMARK [0][-]{chapter.5}{Gathering worksheets}{part.2}% 19
\BOOKMARK [1][-]{section.5.1}{`Energy Summary' gathering worksheet}{chapter.5}% 20
\BOOKMARK [1][-]{section.5.2}{`GHG Summary' gathering worksheet}{chapter.5}% 21
\BOOKMARK [0][-]{chapter.6}{Process worksheets}{part.2}% 22
\BOOKMARK [1][-]{section.6.1}{Exploration}{chapter.6}% 23
\BOOKMARK [1][-]{section.6.2}{Drilling \046 development}{chapter.6}% 24
\BOOKMARK [1][-]{section.6.3}{Reservoir}{chapter.6}% 25
\BOOKMARK [1][-]{section.6.4}{Well and downhole pump}{chapter.6}% 26
\BOOKMARK [1][-]{section.6.5}{Bitumen mining}{chapter.6}% 27
\BOOKMARK [1][-]{section.6.6}{Separation}{chapter.6}% 28
\BOOKMARK [1][-]{section.6.7}{Crude oil dewatering}{chapter.6}% 29
\BOOKMARK [1][-]{section.6.8}{Crude oil stabilization}{chapter.6}% 30
\BOOKMARK [1][-]{section.6.9}{Heavy oil upgrading}{chapter.6}% 31
\BOOKMARK [1][-]{section.6.10}{Heavy oil dilution}{chapter.6}% 32
\BOOKMARK [1][-]{section.6.11}{Crude oil storage}{chapter.6}% 33
\BOOKMARK [1][-]{section.6.12}{Produced water treatment}{chapter.6}% 34
\BOOKMARK [1][-]{section.6.13}{Makeup water treatment}{chapter.6}% 35
\BOOKMARK [1][-]{section.6.14}{Water injection}{chapter.6}% 36
\BOOKMARK [1][-]{section.6.15}{Steam generation}{chapter.6}% 37
\BOOKMARK [1][-]{section.6.16}{Flaring}{chapter.6}% 38
\BOOKMARK [1][-]{section.6.17}{Venting}{chapter.6}% 39
\BOOKMARK [1][-]{section.6.18}{Gas gathering}{chapter.6}% 40
\BOOKMARK [1][-]{section.6.19}{Glycol dehydrator}{chapter.6}% 41
\BOOKMARK [1][-]{section.6.20}{Acid gas removal}{chapter.6}% 42
\BOOKMARK [1][-]{section.6.21}{Demethanizer}{chapter.6}% 43
\BOOKMARK [1][-]{section.6.22}{Chiller}{chapter.6}% 44
\BOOKMARK [1][-]{section.6.23}{Membrane}{chapter.6}% 45
\BOOKMARK [1][-]{section.6.24}{Ryan-Holmes}{chapter.6}% 46
\BOOKMARK [1][-]{section.6.25}{Gas reinjection compressor}{chapter.6}% 47
\BOOKMARK [1][-]{section.6.26}{Gas flooding compressor}{chapter.6}% 48
\BOOKMARK [1][-]{section.6.27}{Gas lifting compressor}{chapter.6}% 49
\BOOKMARK [1][-]{section.6.28}{CO2 reinjection compressor}{chapter.6}% 50
\BOOKMARK [1][-]{section.6.29}{Sour gas reinjection compressor}{chapter.6}% 51
\BOOKMARK [1][-]{section.6.30}{VRU compressor}{chapter.6}% 52
\BOOKMARK [1][-]{section.6.31}{Pre-membrane compressor}{chapter.6}% 53
\BOOKMARK [1][-]{section.6.32}{Transmission compressor}{chapter.6}% 54
\BOOKMARK [1][-]{section.6.33}{LNG liquefaction}{chapter.6}% 55
\BOOKMARK [1][-]{section.6.34}{LNG transport}{chapter.6}% 56
\BOOKMARK [1][-]{section.6.35}{LNG Regasification}{chapter.6}% 57
\BOOKMARK [1][-]{section.6.36}{Storage compressor}{chapter.6}% 58
\BOOKMARK [1][-]{section.6.37}{Post-storage compressor}{chapter.6}% 59
\BOOKMARK [1][-]{section.6.38}{HC gas injection wells}{chapter.6}% 60
\BOOKMARK [1][-]{section.6.39}{CO2 injection wells}{chapter.6}% 61
\BOOKMARK [1][-]{section.6.40}{Sour gas injection wells}{chapter.6}% 62
\BOOKMARK [1][-]{section.6.41}{Steam injection wells}{chapter.6}% 63
\BOOKMARK [1][-]{section.6.42}{Gas storage wells}{chapter.6}% 64
\BOOKMARK [1][-]{section.6.43}{Storage separator}{chapter.6}% 65
\BOOKMARK [1][-]{section.6.44}{Gas partition A}{chapter.6}% 66
\BOOKMARK [1][-]{section.6.45}{Gas partition B}{chapter.6}% 67
\BOOKMARK [1][-]{section.6.46}{Fuel gas consumed}{chapter.6}% 68
\BOOKMARK [1][-]{section.6.47}{Maintenance}{chapter.6}% 69
\BOOKMARK [1][-]{section.6.48}{Waste treatment and disposal}{chapter.6}% 70
\BOOKMARK [1][-]{section.6.49}{Crude oil transport}{chapter.6}% 71
\BOOKMARK [1][-]{section.6.50}{Petcoke transport}{chapter.6}% 72
\BOOKMARK [1][-]{section.6.51}{Gas distribution}{chapter.6}% 73
\BOOKMARK [1][-]{section.6.52}{Fuel gas imports \(FGI\)}{chapter.6}% 74
\BOOKMARK [1][-]{section.6.53}{Electricity generation and imports}{chapter.6}% 75
\BOOKMARK [1][-]{section.6.54}{NGL or diluent production and imports}{chapter.6}% 76
\BOOKMARK [0][-]{chapter.7}{Supplemental calculations worksheets}{part.2}% 77
\BOOKMARK [1][-]{section.7.1}{Drivers}{chapter.7}% 78
\BOOKMARK [1][-]{section.7.2}{Fuel cycle}{chapter.7}% 79
\BOOKMARK [1][-]{section.7.3}{Embodied emissions}{chapter.7}% 80
\BOOKMARK [1][-]{section.7.4}{Emissions factors}{chapter.7}% 81
\BOOKMARK [0][-]{chapter.8}{Venting and fugitive emissions}{part.2}% 82
\BOOKMARK [1][-]{section.8.1}{Introduction to venting and fugitive emissions}{chapter.8}% 83
\BOOKMARK [1][-]{section.8.2}{Deterministic versus uncertainty analysis}{chapter.8}% 84
\BOOKMARK [1][-]{section.8.3}{Deprecated OPGEE v2.0 VF modeling methods}{chapter.8}% 85
\BOOKMARK [0][-]{chapter.9}{Fundamental data inputs}{part.2}% 86
\BOOKMARK [1][-]{section.9.1}{Global warming potentials}{chapter.9}% 87
\BOOKMARK [1][-]{section.9.2}{Properties of water and steam}{chapter.9}% 88
\BOOKMARK [1][-]{section.9.3}{Properties of air and exhaust gas components}{chapter.9}% 89
\BOOKMARK [1][-]{section.9.4}{Compositions and properties of fuels}{chapter.9}% 90
\BOOKMARK [0][-]{chapter.10}{OPGEE limitations}{part.2}% 91
\BOOKMARK [1][-]{section.10.1}{Scope limitations}{chapter.10}% 92
\BOOKMARK [1][-]{section.10.2}{Technical limitations}{chapter.10}% 93
\BOOKMARK [1][-]{section.10.3}{Future work}{chapter.10}% 94
\BOOKMARK [0][-]{appendix.A}{Terminology: Acronyms and abbreviations}{part.2}% 95
\BOOKMARK [0][-]{appendix.B}{Mathematical terms and definitions}{part.2}% 96
\BOOKMARK [0][-]{appendix.C}{Tabulated sources for each production stage}{part.2}% 97
\BOOKMARK [0][-]{appendix.D}{Bulk assessment macro error correction}{part.2}% 98
\BOOKMARK [0][-]{appendix.E}{Changes and updates from previous versions of OPGEE}{part.2}% 99
\BOOKMARK [1][-]{section.E.1}{Changes from OPGEE v2.0a to OPGEE v2.0b}{appendix.E}% 100
\BOOKMARK [1][-]{section.E.2}{Changes from OPGEE v1.1 Draft E to OPGEE v2.0a}{appendix.E}% 101
\BOOKMARK [1][-]{section.E.3}{Changes from OPGEE v1.1 Draft D to OPGEE v1.1 Draft E}{appendix.E}% 102
\BOOKMARK [1][-]{section.E.4}{Changes from OPGEE v1.1 Draft C to OPGEE v1.1 Draft D}{appendix.E}% 103
\BOOKMARK [1][-]{section.E.5}{Changes from OPGEE v1.1 Draft B to OPGEE v1.1 Draft C}{appendix.E}% 104
\BOOKMARK [1][-]{section.E.6}{Changes from OPGEE v1.1 Draft A to OPGEE v1.1 Draft B}{appendix.E}% 105
\BOOKMARK [1][-]{section.E.7}{Changes from OPGEE v1.0 to OPGEE v1.1 Draft A}{appendix.E}% 106
\BOOKMARK [1][-]{section.E.8}{Changes from OPGEE v1.0 Draft A to OPGEE v1.0}{appendix.E}% 107
